This is pdfTeX, Version 3.141592653-2.6-1.40.25 (TeX Live 2023/Arch Linux) (preloaded format=pdflatex 2023.7.29)  15 AUG 2023 10:53
entering extended mode
 restricted \write18 enabled.
 %&-line parsing enabled.
**output/report.tex
(./output/report.tex
LaTeX2e <2022-11-01> patch level 1
L3 programming layer <2023-02-22>
(/usr/share/texmf-dist/tex/latex/base/article.cls
Document Class: article 2022/07/02 v1.4n Standard LaTeX document class
(/usr/share/texmf-dist/tex/latex/base/size10.clo
File: size10.clo 2022/07/02 v1.4n Standard LaTeX file (size option)
)
\c@part=\count185
\c@section=\count186
\c@subsection=\count187
\c@subsubsection=\count188
\c@paragraph=\count189
\c@subparagraph=\count190
\c@figure=\count191
\c@table=\count192
\abovecaptionskip=\skip48
\belowcaptionskip=\skip49
\bibindent=\dimen140
)
(/usr/share/texmf-dist/tex/latex/graphics/graphicx.sty
Package: graphicx 2021/09/16 v1.2d Enhanced LaTeX Graphics (DPC,SPQR)

(/usr/share/texmf-dist/tex/latex/graphics/keyval.sty
Package: keyval 2022/05/29 v1.15 key=value parser (DPC)
\KV@toks@=\toks16
)
(/usr/share/texmf-dist/tex/latex/graphics/graphics.sty
Package: graphics 2022/03/10 v1.4e Standard LaTeX Graphics (DPC,SPQR)

(/usr/share/texmf-dist/tex/latex/graphics/trig.sty
Package: trig 2021/08/11 v1.11 sin cos tan (DPC)
)
(/usr/share/texmf-dist/tex/latex/graphics-cfg/graphics.cfg
File: graphics.cfg 2016/06/04 v1.11 sample graphics configuration
)
Package graphics Info: Driver file: pdftex.def on input line 107.

(/usr/share/texmf-dist/tex/latex/graphics-def/pdftex.def
File: pdftex.def 2022/09/22 v1.2b Graphics/color driver for pdftex
))
\Gin@req@height=\dimen141
\Gin@req@width=\dimen142
)
(/usr/share/texmf-dist/tex/latex/cprotect/cprotect.sty
Package: cprotect 2011/01/27 v1.0e (Bruno Le Floch)

(/usr/share/texmf-dist/tex/latex/base/ifthen.sty
Package: ifthen 2022/04/13 v1.1d Standard LaTeX ifthen package (DPC)
)
(/usr/share/texmf-dist/tex/latex/bigfoot/suffix.sty
Package: suffix 2006/07/15 1.5a Variant command support
)
\CPT@WriteOut=\write3
\c@CPT@WriteCount=\count193
\c@CPT@numB=\count194
\CPT@commandatend@toks=\toks17
)
(/usr/share/texmf-dist/tex/latex/geometry/geometry.sty
Package: geometry 2020/01/02 v5.9 Page Geometry

(/usr/share/texmf-dist/tex/generic/iftex/ifvtex.sty
Package: ifvtex 2019/10/25 v1.7 ifvtex legacy package. Use iftex instead.

(/usr/share/texmf-dist/tex/generic/iftex/iftex.sty
Package: iftex 2022/02/03 v1.0f TeX engine tests
))
\Gm@cnth=\count195
\Gm@cntv=\count196
\c@Gm@tempcnt=\count197
\Gm@bindingoffset=\dimen143
\Gm@wd@mp=\dimen144
\Gm@odd@mp=\dimen145
\Gm@even@mp=\dimen146
\Gm@layoutwidth=\dimen147
\Gm@layoutheight=\dimen148
\Gm@layouthoffset=\dimen149
\Gm@layoutvoffset=\dimen150
\Gm@dimlist=\toks18
)
(/usr/share/texmf-dist/tex/latex/l3backend/l3backend-pdftex.def
File: l3backend-pdftex.def 2023-01-16 L3 backend support: PDF output (pdfTeX)
\l__color_backend_stack_int=\count198
\l__pdf_internal_box=\box51
)
No file report.aux.
\openout1 = `report.aux'.

LaTeX Font Info:    Checking defaults for OML/cmm/m/it on input line 7.
LaTeX Font Info:    ... okay on input line 7.
LaTeX Font Info:    Checking defaults for OMS/cmsy/m/n on input line 7.
LaTeX Font Info:    ... okay on input line 7.
LaTeX Font Info:    Checking defaults for OT1/cmr/m/n on input line 7.
LaTeX Font Info:    ... okay on input line 7.
LaTeX Font Info:    Checking defaults for T1/cmr/m/n on input line 7.
LaTeX Font Info:    ... okay on input line 7.
LaTeX Font Info:    Checking defaults for TS1/cmr/m/n on input line 7.
LaTeX Font Info:    ... okay on input line 7.
LaTeX Font Info:    Checking defaults for OMX/cmex/m/n on input line 7.
LaTeX Font Info:    ... okay on input line 7.
LaTeX Font Info:    Checking defaults for U/cmr/m/n on input line 7.
LaTeX Font Info:    ... okay on input line 7.
(/usr/share/texmf-dist/tex/context/base/mkii/supp-pdf.mkii
[Loading MPS to PDF converter (version 2006.09.02).]
\scratchcounter=\count199
\scratchdimen=\dimen151
\scratchbox=\box52
\nofMPsegments=\count266
\nofMParguments=\count267
\everyMPshowfont=\toks19
\MPscratchCnt=\count268
\MPscratchDim=\dimen152
\MPnumerator=\count269
\makeMPintoPDFobject=\count270
\everyMPtoPDFconversion=\toks20
) (/usr/share/texmf-dist/tex/latex/epstopdf-pkg/epstopdf-base.sty
Package: epstopdf-base 2020-01-24 v2.11 Base part for package epstopdf
Package epstopdf-base Info: Redefining graphics rule for `.eps' on input line 4
85.

(/usr/share/texmf-dist/tex/latex/latexconfig/epstopdf-sys.cfg
File: epstopdf-sys.cfg 2010/07/13 v1.3 Configuration of (r)epstopdf for TeX Liv
e
))
*geometry* driver: auto-detecting
*geometry* detected driver: pdftex
*geometry* verbose mode - [ preamble ] result:
* driver: pdftex
* paper: <default>
* layout: <same size as paper>
* layoutoffset:(h,v)=(0.0pt,0.0pt)
* modes: 
* h-part:(L,W,R)=(72.26999pt, 469.75502pt, 72.26999pt)
* v-part:(T,H,B)=(72.26999pt, 650.43001pt, 72.26999pt)
* \paperwidth=614.295pt
* \paperheight=794.96999pt
* \textwidth=469.75502pt
* \textheight=650.43001pt
* \oddsidemargin=0.0pt
* \evensidemargin=0.0pt
* \topmargin=-37.0pt
* \headheight=12.0pt
* \headsep=25.0pt
* \topskip=10.0pt
* \footskip=30.0pt
* \marginparwidth=65.0pt
* \marginparsep=11.0pt
* \columnsep=10.0pt
* \skip\footins=9.0pt plus 4.0pt minus 2.0pt
* \hoffset=0.0pt
* \voffset=0.0pt
* \mag=1000
* \@twocolumnfalse
* \@twosidefalse
* \@mparswitchfalse
* \@reversemarginfalse
* (1in=72.27pt=25.4mm, 1cm=28.453pt)

<mol00.png, id=1, 451.6875pt x 451.6875pt>
File: mol00.png Graphic file (type png)
<use mol00.png>
Package pdftex.def Info: mol00.png  used on input line 11.
(pdftex.def)             Requested size: 451.68639pt x 451.68639pt.
\openout3 = `report-1.cpt'.

(output/report-1.cpt)
<mol01.png, id=2, 451.6875pt x 451.6875pt>
File: mol01.png Graphic file (type png)
<use mol01.png>
Package pdftex.def Info: mol01.png  used on input line 17.
(pdftex.def)             Requested size: 451.68639pt x 451.68639pt.
\openout3 = `report-2.cpt'.

 (output/report-2.cpt) (output/report-2.cpt)
<mol02.png, id=3, 451.6875pt x 451.6875pt>
File: mol02.png Graphic file (type png)
<use mol02.png>
Package pdftex.def Info: mol02.png  used on input line 23.
(pdftex.def)             Requested size: 451.68639pt x 451.68639pt.
\openout3 = `report-3.cpt'.


(output/report-3.cpt)
<mol03.png, id=4, 451.6875pt x 451.6875pt>
File: mol03.png Graphic file (type png)
<use mol03.png>
Package pdftex.def Info: mol03.png  used on input line 29.
(pdftex.def)             Requested size: 451.68639pt x 451.68639pt.
\openout3 = `report-4.cpt'.

 (output/report-4.cpt) (output/report-4.cpt)
<mol04.png, id=5, 451.6875pt x 451.6875pt>
File: mol04.png Graphic file (type png)
<use mol04.png>
Package pdftex.def Info: mol04.png  used on input line 35.
(pdftex.def)             Requested size: 451.68639pt x 451.68639pt.
\openout3 = `report-5.cpt'.


(output/report-5.cpt)
<mol05.png, id=6, 451.6875pt x 451.6875pt>
File: mol05.png Graphic file (type png)
<use mol05.png>
Package pdftex.def Info: mol05.png  used on input line 41.
(pdftex.def)             Requested size: 451.68639pt x 451.68639pt.
\openout3 = `report-6.cpt'.

 (output/report-6.cpt) (output/report-6.cpt)
<mol06.png, id=7, 451.6875pt x 451.6875pt>
File: mol06.png Graphic file (type png)
<use mol06.png>
Package pdftex.def Info: mol06.png  used on input line 47.
(pdftex.def)             Requested size: 451.68639pt x 451.68639pt.
\openout3 = `report-7.cpt'.


(output/report-7.cpt) (output/report-7.cpt)
<mol07.png, id=8, 451.6875pt x 451.6875pt>
File: mol07.png Graphic file (type png)
<use mol07.png>
Package pdftex.def Info: mol07.png  used on input line 53.
(pdftex.def)             Requested size: 451.68639pt x 451.68639pt.
\openout3 = `report-8.cpt'.

 (output/report-8.cpt)
(output/report-8.cpt)
<mol08.png, id=9, 451.6875pt x 451.6875pt>
File: mol08.png Graphic file (type png)
<use mol08.png>
Package pdftex.def Info: mol08.png  used on input line 59.
(pdftex.def)             Requested size: 451.68639pt x 451.68639pt.
\openout3 = `report-9.cpt'.

 (output/report-9.cpt) (output/report-9.cpt)
<mol09.png, id=10, 451.6875pt x 451.6875pt>
File: mol09.png Graphic file (type png)
<use mol09.png>
Package pdftex.def Info: mol09.png  used on input line 65.
(pdftex.def)             Requested size: 451.68639pt x 451.68639pt.
\openout3 = `report-10.cpt'.


(output/report-10.cpt)
<mol10.png, id=11, 451.6875pt x 451.6875pt>
File: mol10.png Graphic file (type png)
<use mol10.png>
Package pdftex.def Info: mol10.png  used on input line 71.
(pdftex.def)             Requested size: 451.68639pt x 451.68639pt.
\openout3 = `report-11.cpt'.

 (output/report-11.cpt) (output/report-11.cpt)
<mol11.png, id=12, 451.6875pt x 225.84375pt>
File: mol11.png Graphic file (type png)
<use mol11.png>
Package pdftex.def Info: mol11.png  used on input line 77.
(pdftex.def)             Requested size: 451.68639pt x 225.84319pt.
\openout3 = `report-12.cpt'.


(output/report-12.cpt)
<mol12.png, id=13, 451.6875pt x 451.6875pt>
File: mol12.png Graphic file (type png)
<use mol12.png>
Package pdftex.def Info: mol12.png  used on input line 83.
(pdftex.def)             Requested size: 451.68639pt x 451.68639pt.
\openout3 = `report-13.cpt'.

 (output/report-13.cpt) (output/report-13.cpt) [1

{/var/lib/texmf/fonts/map/pdftex/updmap/pdftex.map} <output/mol00.png>] [2 <out
put/mol01.png>] [3 <output/mol02.png>] [4 <output/mol03.png>] [5 <output/mol04.
png>]
[6 <output/mol05.png>] [7 <output/mol06.png>] [8 <output/mol07.png>] [9 <output
/mol08.png>] [10 <output/mol09.png>] [11 <output/mol10.png>] [12 <output/mol11.
png>] [13 <output/mol12.png>] (output/report.aux) ) 
Here is how much of TeX's memory you used:
 2194 strings out of 477985
 35510 string characters out of 5840058
 1853388 words of memory out of 5000000
 22350 multiletter control sequences out of 15000+600000
 512455 words of font info for 33 fonts, out of 8000000 for 9000
 14 hyphenation exceptions out of 8191
 57i,6n,62p,426b,619s stack positions out of 10000i,1000n,20000p,200000b,200000s
</usr/share/texmf-dist/fonts
/type1/public/amsfonts/cm/cmr10.pfb></usr/share/texmf-dist/fonts/type1/public/a
msfonts/cm/cmtt10.pfb>
Output written on output/report.pdf (13 pages, 245484 bytes).
PDF statistics:
 70 PDF objects out of 1000 (max. 8388607)
 37 compressed objects within 1 object stream
 0 named destinations out of 1000 (max. 500000)
 66 words of extra memory for PDF output out of 10000 (max. 10000000)

